# JRE version: Java(TM) SE Runtime Environment (8.0_45-b14) (build 1.8.0_45-b14)
# Java VM: Java HotSpot(TM) 64-Bit Server VM (25.45-b02 mixed mode linux-amd64 compressed oops)
Heap:
 PSYoungGen      total 189952K, used 0K [0x00000000f0000000, 0x00000000ffa00000, 0x0000000100000000)
  eden space 130048K, 0% used [0x00000000f0000000,0x00000000f0000000,0x00000000f7f00000)
  from space 59904K, 0% used [0x00000000fbf80000,0x00000000fbf80000,0x00000000ffa00000)
  to   space 62976K, 0% used [0x00000000f7f00000,0x00000000f7f00000,0x00000000fbc80000)
 ParOldGen       total 127488K, used 75775K [0x00000000d0000000, 0x00000000d7c80000, 0x00000000f0000000)
  object space 127488K, 59% used [0x00000000d0000000,0x00000000d49ffe08,0x00000000d7c80000)
 Metaspace       used 62052K, capacity 62492K, committed 63104K, reserved 1101824K
  class space    used 11089K, capacity 11272K, committed 11392K, reserved 1048576K
GC Heap History (10 events):
Event: 79,404 GC heap after
Heap after GC invocations=15 (full 3):
 PSYoungGen      total 194048K, used 41132K [0x00000000f0000000, 0x00000000ff980000, 0x0000000100000000)
  eden space 143872K, 0% used [0x00000000f0000000,0x00000000f0000000,0x00000000f8c80000)
  from space 50176K, 81% used [0x00000000fc280000,0x00000000feaab3d0,0x00000000ff380000)
  to   space 55296K, 0% used [0x00000000f8c80000,0x00000000f8c80000,0x00000000fc280000)
 ParOldGen       total 127488K, used 82637K [0x00000000d0000000, 0x00000000d7c80000, 0x00000000f0000000)
  object space 127488K, 64% used [0x00000000d0000000,0x00000000d50b3460,0x00000000d7c80000)
 Metaspace       used 57572K, capacity 57990K, committed 58112K, reserved 1095680K
  class space    used 10729K, capacity 10889K, committed 11008K, reserved 1048576K
}
Event: 91,519 GC heap before
{Heap before GC invocations=16 (full 3):
 PSYoungGen      total 194048K, used 185004K [0x00000000f0000000, 0x00000000ff980000, 0x0000000100000000)
  eden space 143872K, 100% used [0x00000000f0000000,0x00000000f8c80000,0x00000000f8c80000)
  from space 50176K, 81% used [0x00000000fc280000,0x00000000feaab3d0,0x00000000ff380000)
  to   space 55296K, 0% used [0x00000000f8c80000,0x00000000f8c80000,0x00000000fc280000)
 ParOldGen       total 127488K, used 82637K [0x00000000d0000000, 0x00000000d7c80000, 0x00000000f0000000)
  object space 127488K, 64% used [0x00000000d0000000,0x00000000d50b3460,0x00000000d7c80000)
 Metaspace       used 61997K, capacity 62580K, committed 62848K, reserved 1101824K
  class space    used 11138K, capacity 11349K, committed 11392K, reserved 1048576K
Event: 91,731 GC heap after
Heap after GC invocations=16 (full 3):
 PSYoungGen      total 199168K, used 47718K [0x00000000f0000000, 0x0000000100000000, 0x0000000100000000)
  eden space 143872K, 0% used [0x00000000f0000000,0x00000000f0000000,0x00000000f8c80000)
  from space 55296K, 86% used [0x00000000f8c80000,0x00000000fbb19850,0x00000000fc280000)
  to   space 61440K, 0% used [0x00000000fc400000,0x00000000fc400000,0x0000000100000000)
 ParOldGen       total 127488K, used 82645K [0x00000000d0000000, 0x00000000d7c80000, 0x00000000f0000000)
  object space 127488K, 64% used [0x00000000d0000000,0x00000000d50b5460,0x00000000d7c80000)
 Metaspace       used 61997K, capacity 62580K, committed 62848K, reserved 1101824K
  class space    used 11138K, capacity 11349K, committed 11392K, reserved 1048576K
}
Event: 94,476 GC heap before
{Heap before GC invocations=17 (full 3):
 PSYoungGen      total 199168K, used 191590K [0x00000000f0000000, 0x0000000100000000, 0x0000000100000000)
  eden space 143872K, 100% used [0x00000000f0000000,0x00000000f8c80000,0x00000000f8c80000)
  from space 55296K, 86% used [0x00000000f8c80000,0x00000000fbb19850,0x00000000fc280000)
  to   space 61440K, 0% used [0x00000000fc400000,0x00000000fc400000,0x0000000100000000)
 ParOldGen       total 127488K, used 82645K [0x00000000d0000000, 0x00000000d7c80000, 0x00000000f0000000)
  object space 127488K, 64% used [0x00000000d0000000,0x00000000d50b5460,0x00000000d7c80000)
 Metaspace       used 62096K, capacity 62644K, committed 62848K, reserved 1101824K
  class space    used 11138K, capacity 11349K, committed 11392K, reserved 1048576K
Event: 94,768 GC heap after
Heap after GC invocations=17 (full 3):
 PSYoungGen      total 191488K, used 46822K [0x00000000f0000000, 0x0000000100000000, 0x0000000100000000)
  eden space 130048K, 0% used [0x00000000f0000000,0x00000000f0000000,0x00000000f7f00000)
  from space 61440K, 76% used [0x00000000fc400000,0x00000000ff1b9aa0,0x0000000100000000)
  to   space 66048K, 0% used [0x00000000f7f00000,0x00000000f7f00000,0x00000000fbf80000)
 ParOldGen       total 127488K, used 82661K [0x00000000d0000000, 0x00000000d7c80000, 0x00000000f0000000)
  object space 127488K, 64% used [0x00000000d0000000,0x00000000d50b9460,0x00000000d7c80000)
 Metaspace       used 62096K, capacity 62644K, committed 62848K, reserved 1101824K
  class space    used 11138K, capacity 11349K, committed 11392K, reserved 1048576K
}
Event: 101,180 GC heap before
{Heap before GC invocations=18 (full 3):
 PSYoungGen      total 191488K, used 176870K [0x00000000f0000000, 0x0000000100000000, 0x0000000100000000)
  eden space 130048K, 100% used [0x00000000f0000000,0x00000000f7f00000,0x00000000f7f00000)
  from space 61440K, 76% used [0x00000000fc400000,0x00000000ff1b9aa0,0x0000000100000000)
  to   space 66048K, 0% used [0x00000000f7f00000,0x00000000f7f00000,0x00000000fbf80000)
 ParOldGen       total 127488K, used 82661K [0x00000000d0000000, 0x00000000d7c80000, 0x00000000f0000000)
  object space 127488K, 64% used [0x00000000d0000000,0x00000000d50b9460,0x00000000d7c80000)
 Metaspace       used 62284K, capacity 62836K, committed 63104K, reserved 1101824K
  class space    used 11138K, capacity 11349K, committed 11392K, reserved 1048576K
Event: 101,416 GC heap after
Heap after GC invocations=18 (full 3):
 PSYoungGen      total 196096K, used 36118K [0x00000000f0000000, 0x0000000100000000, 0x0000000100000000)
  eden space 130048K, 0% used [0x00000000f0000000,0x00000000f0000000,0x00000000f7f00000)
  from space 66048K, 54% used [0x00000000f7f00000,0x00000000fa245ac0,0x00000000fbf80000)
  to   space 66048K, 0% used [0x00000000fbf80000,0x00000000fbf80000,0x0000000100000000)
 ParOldGen       total 127488K, used 95616K [0x00000000d0000000, 0x00000000d7c80000, 0x00000000f0000000)
  object space 127488K, 75% used [0x00000000d0000000,0x00000000d5d60360,0x00000000d7c80000)
 Metaspace       used 62284K, capacity 62836K, committed 63104K, reserved 1101824K
  class space    used 11138K, capacity 11349K, committed 11392K, reserved 1048576K
}
Event: 110,754 GC heap before
{Heap before GC invocations=19 (full 3):
 PSYoungGen      total 196096K, used 166166K [0x00000000f0000000, 0x0000000100000000, 0x0000000100000000)
  eden space 130048K, 100% used [0x00000000f0000000,0x00000000f7f00000,0x00000000f7f00000)
  from space 66048K, 54% used [0x00000000f7f00000,0x00000000fa245ac0,0x00000000fbf80000)
  to   space 66048K, 0% used [0x00000000fbf80000,0x00000000fbf80000,0x0000000100000000)
 ParOldGen       total 127488K, used 95616K [0x00000000d0000000, 0x00000000d7c80000, 0x00000000f0000000)
  object space 127488K, 75% used [0x00000000d0000000,0x00000000d5d60360,0x00000000d7c80000)
 Metaspace       used 62382K, capacity 62906K, committed 63104K, reserved 1101824K
  class space    used 11139K, capacity 11350K, committed 11392K, reserved 1048576K
Event: 110,918 GC heap after
Heap after GC invocations=19 (full 3):
 PSYoungGen      total 189952K, used 20987K [0x00000000f0000000, 0x00000000ffa00000, 0x0000000100000000)
  eden space 130048K, 0% used [0x00000000f0000000,0x00000000f0000000,0x00000000f7f00000)
  from space 59904K, 35% used [0x00000000fbf80000,0x00000000fd3fee10,0x00000000ffa00000)
  to   space 62976K, 0% used [0x00000000f7f00000,0x00000000f7f00000,0x00000000fbc80000)
 ParOldGen       total 127488K, used 113721K [0x00000000d0000000, 0x00000000d7c80000, 0x00000000f0000000)
  object space 127488K, 89% used [0x00000000d0000000,0x00000000d6f0e6c0,0x00000000d7c80000)
 Metaspace       used 62382K, capacity 62906K, committed 63104K, reserved 1101824K
  class space    used 11139K, capacity 11350K, committed 11392K, reserved 1048576K
}
Event: 110,918 GC heap before
{Heap before GC invocations=20 (full 4):
 PSYoungGen      total 189952K, used 20987K [0x00000000f0000000, 0x00000000ffa00000, 0x0000000100000000)
  eden space 130048K, 0% used [0x00000000f0000000,0x00000000f0000000,0x00000000f7f00000)
  from space 59904K, 35% used [0x00000000fbf80000,0x00000000fd3fee10,0x00000000ffa00000)
  to   space 62976K, 0% used [0x00000000f7f00000,0x00000000f7f00000,0x00000000fbc80000)
 ParOldGen       total 127488K, used 113721K [0x00000000d0000000, 0x00000000d7c80000, 0x00000000f0000000)
  object space 127488K, 89% used [0x00000000d0000000,0x00000000d6f0e6c0,0x00000000d7c80000)
 Metaspace       used 62382K, capacity 62906K, committed 63104K, reserved 1101824K
  class space    used 11139K, capacity 11350K, committed 11392K, reserved 1048576K

