# JRE version: Java(TM) SE Runtime Environment (8.0_45-b14) (build 1.8.0_45-b14)
# Java VM: Java HotSpot(TM) 64-Bit Server VM (25.45-b02 mixed mode linux-amd64 compressed oops)
Heap:
 PSYoungGen      total 110592K, used 497K [0x00000000f0000000, 0x00000000fa200000, 0x0000000100000000)
  eden space 100352K, 0% used [0x00000000f0000000,0x00000000f0000000,0x00000000f6200000)
  from space 10240K, 4% used [0x00000000f7a00000,0x00000000f7a7c7c8,0x00000000f8400000)
  to   space 24576K, 0% used [0x00000000f6200000,0x00000000f6200000,0x00000000f7a00000)
 ParOldGen       total 49664K, used 49391K [0x00000000d0000000, 0x00000000d3080000, 0x00000000f0000000)
  object space 49664K, 99% used [0x00000000d0000000,0x00000000d303bc58,0x00000000d3080000)
 Metaspace       used 44360K, capacity 44634K, committed 44928K, reserved 1085440K
  class space    used 8463K, capacity 8516K, committed 8576K, reserved 1048576K
GC Heap History (10 events):
Event: 9,708 GC heap after
Heap after GC invocations=8 (full 1):
 PSYoungGen      total 68608K, used 7651K [0x00000000f0000000, 0x00000000f6a80000, 0x0000000100000000)
  eden space 60928K, 0% used [0x00000000f0000000,0x00000000f0000000,0x00000000f3b80000)
  from space 7680K, 99% used [0x00000000f3b80000,0x00000000f42f8fe8,0x00000000f4300000)
  to   space 10240K, 0% used [0x00000000f6080000,0x00000000f6080000,0x00000000f6a80000)
 ParOldGen       total 36352K, used 9664K [0x00000000d0000000, 0x00000000d2380000, 0x00000000f0000000)
  object space 36352K, 26% used [0x00000000d0000000,0x00000000d0970100,0x00000000d2380000)
 Metaspace       used 34163K, capacity 34400K, committed 34816K, reserved 1077248K
  class space    used 6206K, capacity 6278K, committed 6400K, reserved 1048576K
}
Event: 10,890 GC heap before
{Heap before GC invocations=9 (full 1):
 PSYoungGen      total 68608K, used 22210K [0x00000000f0000000, 0x00000000f6a80000, 0x0000000100000000)
  eden space 60928K, 23% used [0x00000000f0000000,0x00000000f0e37c08,0x00000000f3b80000)
  from space 7680K, 99% used [0x00000000f3b80000,0x00000000f42f8fe8,0x00000000f4300000)
  to   space 10240K, 0% used [0x00000000f6080000,0x00000000f6080000,0x00000000f6a80000)
 ParOldGen       total 36352K, used 9664K [0x00000000d0000000, 0x00000000d2380000, 0x00000000f0000000)
  object space 36352K, 26% used [0x00000000d0000000,0x00000000d0970100,0x00000000d2380000)
 Metaspace       used 35084K, capacity 35232K, committed 35456K, reserved 1079296K
  class space    used 6358K, capacity 6406K, committed 6528K, reserved 1048576K
Event: 10,921 GC heap after
Heap after GC invocations=9 (full 1):
 PSYoungGen      total 99328K, used 4677K [0x00000000f0000000, 0x00000000f7480000, 0x0000000100000000)
  eden space 89088K, 0% used [0x00000000f0000000,0x00000000f0000000,0x00000000f5700000)
  from space 10240K, 45% used [0x00000000f6080000,0x00000000f6511468,0x00000000f6a80000)
  to   space 9728K, 0% used [0x00000000f5700000,0x00000000f5700000,0x00000000f6080000)
 ParOldGen       total 36352K, used 9664K [0x00000000d0000000, 0x00000000d2380000, 0x00000000f0000000)
  object space 36352K, 26% used [0x00000000d0000000,0x00000000d0970100,0x00000000d2380000)
 Metaspace       used 35084K, capacity 35232K, committed 35456K, reserved 1079296K
  class space    used 6358K, capacity 6406K, committed 6528K, reserved 1048576K
}
Event: 10,921 GC heap before
{Heap before GC invocations=10 (full 2):
 PSYoungGen      total 99328K, used 4677K [0x00000000f0000000, 0x00000000f7480000, 0x0000000100000000)
  eden space 89088K, 0% used [0x00000000f0000000,0x00000000f0000000,0x00000000f5700000)
  from space 10240K, 45% used [0x00000000f6080000,0x00000000f6511468,0x00000000f6a80000)
  to   space 9728K, 0% used [0x00000000f5700000,0x00000000f5700000,0x00000000f6080000)
 ParOldGen       total 36352K, used 9664K [0x00000000d0000000, 0x00000000d2380000, 0x00000000f0000000)
  object space 36352K, 26% used [0x00000000d0000000,0x00000000d0970100,0x00000000d2380000)
 Metaspace       used 35084K, capacity 35232K, committed 35456K, reserved 1079296K
  class space    used 6358K, capacity 6406K, committed 6528K, reserved 1048576K
Event: 11,204 GC heap after
Heap after GC invocations=10 (full 2):
 PSYoungGen      total 99328K, used 0K [0x00000000f0000000, 0x00000000f7480000, 0x0000000100000000)
  eden space 89088K, 0% used [0x00000000f0000000,0x00000000f0000000,0x00000000f5700000)
  from space 10240K, 0% used [0x00000000f6080000,0x00000000f6080000,0x00000000f6a80000)
  to   space 9728K, 0% used [0x00000000f5700000,0x00000000f5700000,0x00000000f6080000)
 ParOldGen       total 49664K, used 8210K [0x00000000d0000000, 0x00000000d3080000, 0x00000000f0000000)
  object space 49664K, 16% used [0x00000000d0000000,0x00000000d0804b20,0x00000000d3080000)
 Metaspace       used 35084K, capacity 35232K, committed 35456K, reserved 1079296K
  class space    used 6358K, capacity 6406K, committed 6528K, reserved 1048576K
}
Event: 17,076 GC heap before
{Heap before GC invocations=11 (full 2):
 PSYoungGen      total 99328K, used 89088K [0x00000000f0000000, 0x00000000f7480000, 0x0000000100000000)
  eden space 89088K, 100% used [0x00000000f0000000,0x00000000f5700000,0x00000000f5700000)
  from space 10240K, 0% used [0x00000000f6080000,0x00000000f6080000,0x00000000f6a80000)
  to   space 9728K, 0% used [0x00000000f5700000,0x00000000f5700000,0x00000000f6080000)
 ParOldGen       total 49664K, used 8210K [0x00000000d0000000, 0x00000000d3080000, 0x00000000f0000000)
  object space 49664K, 16% used [0x00000000d0000000,0x00000000d0804b20,0x00000000d3080000)
 Metaspace       used 40876K, capacity 41152K, committed 41344K, reserved 1083392K
  class space    used 7728K, capacity 7782K, committed 7808K, reserved 1048576K
Event: 17,133 GC heap after
Heap after GC invocations=11 (full 2):
 PSYoungGen      total 98816K, used 8497K [0x00000000f0000000, 0x00000000f8400000, 0x0000000100000000)
  eden space 89088K, 0% used [0x00000000f0000000,0x00000000f0000000,0x00000000f5700000)
  from space 9728K, 87% used [0x00000000f5700000,0x00000000f5f4c6f8,0x00000000f6080000)
  to   space 10240K, 0% used [0x00000000f7a00000,0x00000000f7a00000,0x00000000f8400000)
 ParOldGen       total 49664K, used 8218K [0x00000000d0000000, 0x00000000d3080000, 0x00000000f0000000)
  object space 49664K, 16% used [0x00000000d0000000,0x00000000d0806b20,0x00000000d3080000)
 Metaspace       used 40876K, capacity 41152K, committed 41344K, reserved 1083392K
  class space    used 7728K, capacity 7782K, committed 7808K, reserved 1048576K
}
Event: 25,534 GC heap before
{Heap before GC invocations=12 (full 2):
 PSYoungGen      total 98816K, used 97585K [0x00000000f0000000, 0x00000000f8400000, 0x0000000100000000)
  eden space 89088K, 100% used [0x00000000f0000000,0x00000000f5700000,0x00000000f5700000)
  from space 9728K, 87% used [0x00000000f5700000,0x00000000f5f4c6f8,0x00000000f6080000)
  to   space 10240K, 0% used [0x00000000f7a00000,0x00000000f7a00000,0x00000000f8400000)
 ParOldGen       total 49664K, used 8218K [0x00000000d0000000, 0x00000000d3080000, 0x00000000f0000000)
  object space 49664K, 16% used [0x00000000d0000000,0x00000000d0806b20,0x00000000d3080000)
 Metaspace       used 44365K, capacity 44640K, committed 44928K, reserved 1085440K
  class space    used 8464K, capacity 8518K, committed 8576K, reserved 1048576K
Event: 25,930 GC heap after
Heap after GC invocations=12 (full 2):
 PSYoungGen      total 110592K, used 10239K [0x00000000f0000000, 0x00000000fa200000, 0x0000000100000000)
  eden space 100352K, 0% used [0x00000000f0000000,0x00000000f0000000,0x00000000f6200000)
  from space 10240K, 99% used [0x00000000f7a00000,0x00000000f83ffc40,0x00000000f8400000)
  to   space 24576K, 0% used [0x00000000f6200000,0x00000000f6200000,0x00000000f7a00000)
 ParOldGen       total 49664K, used 42596K [0x00000000d0000000, 0x00000000d3080000, 0x00000000f0000000)
  object space 49664K, 85% used [0x00000000d0000000,0x00000000d2999040,0x00000000d3080000)
 Metaspace       used 44365K, capacity 44640K, committed 44928K, reserved 1085440K
  class space    used 8464K, capacity 8518K, committed 8576K, reserved 1048576K
}
Event: 25,933 GC heap before
{Heap before GC invocations=13 (full 3):
 PSYoungGen      total 110592K, used 10239K [0x00000000f0000000, 0x00000000fa200000, 0x0000000100000000)
  eden space 100352K, 0% used [0x00000000f0000000,0x00000000f0000000,0x00000000f6200000)
  from space 10240K, 99% used [0x00000000f7a00000,0x00000000f83ffc40,0x00000000f8400000)
  to   space 24576K, 0% used [0x00000000f6200000,0x00000000f6200000,0x00000000f7a00000)
 ParOldGen       total 49664K, used 42596K [0x00000000d0000000, 0x00000000d3080000, 0x00000000f0000000)
  object space 49664K, 85% used [0x00000000d0000000,0x00000000d2999040,0x00000000d3080000)
 Metaspace       used 44365K, capacity 44640K, committed 44928K, reserved 1085440K
  class space    used 8464K, capacity 8518K, committed 8576K, reserved 1048576K

